\BOOKMARK [0][-]{chapter.1}{INTRODUCTION}{}% 1
\BOOKMARK [1][-]{section.1.1}{SECTION NAME}{chapter.1}% 2
\BOOKMARK [2][-]{subsection.1.1.1}{SUBSECTION NAME 1}{section.1.1}% 3
\BOOKMARK [2][-]{subsection.1.1.2}{SUBSECTION NAME 2}{section.1.1}% 4
\BOOKMARK [0][-]{chapter.2}{Literature Survey}{}% 5
\BOOKMARK [1][-]{section.2.1}{SECTION NAME}{chapter.2}% 6
\BOOKMARK [0][-]{chapter.3}{Software Requirements Specification}{}% 7
\BOOKMARK [1][-]{section.3.1}{SECTION NAME}{chapter.3}% 8
\BOOKMARK [2][-]{subsection.3.1.1}{SUBSECTION NAME}{section.3.1}% 9
\BOOKMARK [0][-]{chapter.4}{Requirement Analysis}{}% 10
\BOOKMARK [1][-]{section.4.1}{SECTION NAME}{chapter.4}% 11
\BOOKMARK [0][-]{chapter.5}{System Design}{}% 12
\BOOKMARK [1][-]{section.5.1}{SECTION NAME}{chapter.5}% 13
\BOOKMARK [0][-]{chapter.6}{System Testing}{}% 14
\BOOKMARK [1][-]{section.6.1}{Test Cases and Test Results}{chapter.6}% 15
\BOOKMARK [0][-]{chapter.7}{Project Planning}{}% 16
\BOOKMARK [1][-]{section.7.1}{SECTION 1}{chapter.7}% 17
\BOOKMARK [0][-]{chapter.8}{Implementation}{}% 18
\BOOKMARK [0][-]{chapter.9}{Screenshots of Project}{}% 19
\BOOKMARK [1][-]{section.9.1}{SECTION NAME}{chapter.9}% 20
\BOOKMARK [0][-]{chapter.10}{Conclusion and Future Scope}{}% 21
\BOOKMARK [1][-]{section.10.1}{Conclusion}{chapter.10}% 22
\BOOKMARK [1][-]{section.10.2}{Future Scope}{chapter.10}% 23
